2012/10/17 20:01:10 [error] [php] include(NDataColumn.php) [<a href='function.include'>function.include</a>]: failed to open stream: No such file or directory (D:\Program Files\Zend\Apache2\yii\framework\YiiBase.php:423)
Stack trace:
#0 D:\Program Files\Zend\Apache2\htdocs\tamar\protected\extensions\NGridView\NGridView.php(361): spl_autoload_call()
#1 D:\Program Files\Zend\Apache2\htdocs\tamar\protected\extensions\NGridView\NGridView.php(331): NGridView->createDataColumn()
#2 D:\Program Files\Zend\Apache2\htdocs\tamar\protected\extensions\NGridView\NGridView.php(307): NGridView->initColumns()
#3 D:\Program Files\Zend\Apache2\yii\framework\web\CBaseController.php(148): NGridView->init()
#4 D:\Program Files\Zend\Apache2\yii\framework\web\CBaseController.php(173): MkorotGaugeController->createWidget()
#5 D:\Program Files\Zend\Apache2\htdocs\tamar\protected\views\mkorotGauge\_mkorotGaugeForm.php(50): MkorotGaugeController->widget()
#6 D:\Program Files\Zend\Apache2\yii\framework\web\CBaseController.php(127): require()
#7 D:\Program Files\Zend\Apache2\yii\framework\web\CBaseController.php(96): MkorotGaugeController->renderInternal()
#8 D:\Program Files\Zend\Apache2\yii\framework\web\CController.php(870): MkorotGaugeController->renderFile()
#9 D:\Program Files\Zend\Apache2\htdocs\tamar\protected\views\mkorotGauge\index.php(23): MkorotGaugeController->renderPartial()
#10 D:\Program Files\Zend\Apache2\yii\framework\web\CBaseController.php(127): require()
#11 D:\Program Files\Zend\Apache2\yii\framework\web\CBaseController.php(96): MkorotGaugeController->renderInternal()
#12 D:\Program Files\Zend\Apache2\yii\framework\web\CController.php(870): MkorotGaugeController->renderFile()
#13 D:\Program Files\Zend\Apache2\yii\framework\web\CController.php(783): MkorotGaugeController->renderPartial()
#14 D:\Program Files\Zend\Apache2\htdocs\tamar\protected\controllers\MkorotGaugeController.php(165): MkorotGaugeController->render()
#15 D:\Program Files\Zend\Apache2\yii\framework\web\actions\CInlineAction.php(50): MkorotGaugeController->actionIndex()
#16 D:\Program Files\Zend\Apache2\yii\framework\web\CController.php(309): CInlineAction->runWithParams()
#17 D:\Program Files\Zend\Apache2\yii\framework\web\filters\CFilterChain.php(134): MkorotGaugeController->runAction()
#18 D:\Program Files\Zend\Apache2\yii\framework\web\filters\CFilter.php(41): CFilterChain->run()
#19 D:\Program Files\Zend\Apache2\yii\framework\web\CController.php(1146): CAccessControlFilter->filter()
#20 D:\Program Files\Zend\Apache2\yii\framework\web\filters\CInlineFilter.php(59): MkorotGaugeController->filterAccessControl()
#21 D:\Program Files\Zend\Apache2\yii\framework\web\filters\CFilterChain.php(131): CInlineFilter->filter()
#22 D:\Program Files\Zend\Apache2\yii\framework\web\CController.php(292): CFilterChain->run()
#23 D:\Program Files\Zend\Apache2\yii\framework\web\CController.php(266): MkorotGaugeController->runActionWithFilters()
#24 D:\Program Files\Zend\Apache2\yii\framework\web\CWebApplication.php(283): MkorotGaugeController->run()
#25 D:\Program Files\Zend\Apache2\yii\framework\web\CWebApplication.php(142): CWebApplication->runController()
#26 D:\Program Files\Zend\Apache2\yii\framework\base\CApplication.php(162): CWebApplication->processRequest()
#27 D:\Program Files\Zend\Apache2\htdocs\tamar\index.php(13): CWebApplication->run()
REQUEST_URI=/tamar/index.php?r=MkorotGauge/index
in D:\Program Files\Zend\Apache2\htdocs\tamar\protected\extensions\NGridView\NGridView.php (361)
in D:\Program Files\Zend\Apache2\htdocs\tamar\protected\extensions\NGridView\NGridView.php (331)
in D:\Program Files\Zend\Apache2\htdocs\tamar\protected\extensions\NGridView\NGridView.php (307)
2012/10/17 20:02:11 [error] [php] include(NDataColumn.php) [<a href='function.include'>function.include</a>]: failed to open stream: No such file or directory (D:\Program Files\Zend\Apache2\yii\framework\YiiBase.php:423)
Stack trace:
#0 D:\Program Files\Zend\Apache2\htdocs\tamar\protected\extensions\NGridView\NGridView.php(361): spl_autoload_call()
#1 D:\Program Files\Zend\Apache2\htdocs\tamar\protected\extensions\NGridView\NGridView.php(331): NGridView->createDataColumn()
#2 D:\Program Files\Zend\Apache2\htdocs\tamar\protected\extensions\NGridView\NGridView.php(307): NGridView->initColumns()
#3 D:\Program Files\Zend\Apache2\yii\framework\web\CBaseController.php(148): NGridView->init()
#4 D:\Program Files\Zend\Apache2\yii\framework\web\CBaseController.php(173): MkorotGaugeController->createWidget()
#5 D:\Program Files\Zend\Apache2\htdocs\tamar\protected\views\mkorotGauge\_mkorotGaugeForm.php(50): MkorotGaugeController->widget()
#6 D:\Program Files\Zend\Apache2\yii\framework\web\CBaseController.php(127): require()
#7 D:\Program Files\Zend\Apache2\yii\framework\web\CBaseController.php(96): MkorotGaugeController->renderInternal()
#8 D:\Program Files\Zend\Apache2\yii\framework\web\CController.php(870): MkorotGaugeController->renderFile()
#9 D:\Program Files\Zend\Apache2\htdocs\tamar\protected\views\mkorotGauge\index.php(23): MkorotGaugeController->renderPartial()
#10 D:\Program Files\Zend\Apache2\yii\framework\web\CBaseController.php(127): require()
#11 D:\Program Files\Zend\Apache2\yii\framework\web\CBaseController.php(96): MkorotGaugeController->renderInternal()
#12 D:\Program Files\Zend\Apache2\yii\framework\web\CController.php(870): MkorotGaugeController->renderFile()
#13 D:\Program Files\Zend\Apache2\yii\framework\web\CController.php(783): MkorotGaugeController->renderPartial()
#14 D:\Program Files\Zend\Apache2\htdocs\tamar\protected\controllers\MkorotGaugeController.php(165): MkorotGaugeController->render()
#15 D:\Program Files\Zend\Apache2\yii\framework\web\actions\CInlineAction.php(50): MkorotGaugeController->actionIndex()
#16 D:\Program Files\Zend\Apache2\yii\framework\web\CController.php(309): CInlineAction->runWithParams()
#17 D:\Program Files\Zend\Apache2\yii\framework\web\filters\CFilterChain.php(134): MkorotGaugeController->runAction()
#18 D:\Program Files\Zend\Apache2\yii\framework\web\filters\CFilter.php(41): CFilterChain->run()
#19 D:\Program Files\Zend\Apache2\yii\framework\web\CController.php(1146): CAccessControlFilter->filter()
#20 D:\Program Files\Zend\Apache2\yii\framework\web\filters\CInlineFilter.php(59): MkorotGaugeController->filterAccessControl()
#21 D:\Program Files\Zend\Apache2\yii\framework\web\filters\CFilterChain.php(131): CInlineFilter->filter()
#22 D:\Program Files\Zend\Apache2\yii\framework\web\CController.php(292): CFilterChain->run()
#23 D:\Program Files\Zend\Apache2\yii\framework\web\CController.php(266): MkorotGaugeController->runActionWithFilters()
#24 D:\Program Files\Zend\Apache2\yii\framework\web\CWebApplication.php(283): MkorotGaugeController->run()
#25 D:\Program Files\Zend\Apache2\yii\framework\web\CWebApplication.php(142): CWebApplication->runController()
#26 D:\Program Files\Zend\Apache2\yii\framework\base\CApplication.php(162): CWebApplication->processRequest()
#27 D:\Program Files\Zend\Apache2\htdocs\tamar\index.php(13): CWebApplication->run()
REQUEST_URI=/tamar/index.php?r=MkorotGauge/index
in D:\Program Files\Zend\Apache2\htdocs\tamar\protected\extensions\NGridView\NGridView.php (361)
in D:\Program Files\Zend\Apache2\htdocs\tamar\protected\extensions\NGridView\NGridView.php (331)
in D:\Program Files\Zend\Apache2\htdocs\tamar\protected\extensions\NGridView\NGridView.php (307)
2012/10/17 20:03:42 [error] [php] include(NDataColumn.php) [<a href='function.include'>function.include</a>]: failed to open stream: No such file or directory (D:\Program Files\Zend\Apache2\yii\framework\YiiBase.php:423)
Stack trace:
#0 D:\Program Files\Zend\Apache2\htdocs\tamar\protected\extensions\NGridView\NGridView.php(361): spl_autoload_call()
#1 D:\Program Files\Zend\Apache2\htdocs\tamar\protected\extensions\NGridView\NGridView.php(331): NGridView->createDataColumn()
#2 D:\Program Files\Zend\Apache2\htdocs\tamar\protected\extensions\NGridView\NGridView.php(307): NGridView->initColumns()
#3 D:\Program Files\Zend\Apache2\yii\framework\web\CBaseController.php(148): NGridView->init()
#4 D:\Program Files\Zend\Apache2\yii\framework\web\CBaseController.php(173): MkorotGaugeController->createWidget()
#5 D:\Program Files\Zend\Apache2\htdocs\tamar\protected\views\mkorotGauge\_mkorotGaugeForm.php(50): MkorotGaugeController->widget()
#6 D:\Program Files\Zend\Apache2\yii\framework\web\CBaseController.php(127): require()
#7 D:\Program Files\Zend\Apache2\yii\framework\web\CBaseController.php(96): MkorotGaugeController->renderInternal()
#8 D:\Program Files\Zend\Apache2\yii\framework\web\CController.php(870): MkorotGaugeController->renderFile()
#9 D:\Program Files\Zend\Apache2\htdocs\tamar\protected\views\mkorotGauge\index.php(23): MkorotGaugeController->renderPartial()
#10 D:\Program Files\Zend\Apache2\yii\framework\web\CBaseController.php(127): require()
#11 D:\Program Files\Zend\Apache2\yii\framework\web\CBaseController.php(96): MkorotGaugeController->renderInternal()
#12 D:\Program Files\Zend\Apache2\yii\framework\web\CController.php(870): MkorotGaugeController->renderFile()
#13 D:\Program Files\Zend\Apache2\yii\framework\web\CController.php(783): MkorotGaugeController->renderPartial()
#14 D:\Program Files\Zend\Apache2\htdocs\tamar\protected\controllers\MkorotGaugeController.php(165): MkorotGaugeController->render()
#15 D:\Program Files\Zend\Apache2\yii\framework\web\actions\CInlineAction.php(50): MkorotGaugeController->actionIndex()
#16 D:\Program Files\Zend\Apache2\yii\framework\web\CController.php(309): CInlineAction->runWithParams()
#17 D:\Program Files\Zend\Apache2\yii\framework\web\filters\CFilterChain.php(134): MkorotGaugeController->runAction()
#18 D:\Program Files\Zend\Apache2\yii\framework\web\filters\CFilter.php(41): CFilterChain->run()
#19 D:\Program Files\Zend\Apache2\yii\framework\web\CController.php(1146): CAccessControlFilter->filter()
#20 D:\Program Files\Zend\Apache2\yii\framework\web\filters\CInlineFilter.php(59): MkorotGaugeController->filterAccessControl()
#21 D:\Program Files\Zend\Apache2\yii\framework\web\filters\CFilterChain.php(131): CInlineFilter->filter()
#22 D:\Program Files\Zend\Apache2\yii\framework\web\CController.php(292): CFilterChain->run()
#23 D:\Program Files\Zend\Apache2\yii\framework\web\CController.php(266): MkorotGaugeController->runActionWithFilters()
#24 D:\Program Files\Zend\Apache2\yii\framework\web\CWebApplication.php(283): MkorotGaugeController->run()
#25 D:\Program Files\Zend\Apache2\yii\framework\web\CWebApplication.php(142): CWebApplication->runController()
#26 D:\Program Files\Zend\Apache2\yii\framework\base\CApplication.php(162): CWebApplication->processRequest()
#27 D:\Program Files\Zend\Apache2\htdocs\tamar\index.php(13): CWebApplication->run()
REQUEST_URI=/tamar/index.php?r=MkorotGauge/index
in D:\Program Files\Zend\Apache2\htdocs\tamar\protected\extensions\NGridView\NGridView.php (361)
in D:\Program Files\Zend\Apache2\htdocs\tamar\protected\extensions\NGridView\NGridView.php (331)
in D:\Program Files\Zend\Apache2\htdocs\tamar\protected\extensions\NGridView\NGridView.php (307)
2012/10/17 20:04:37 [error] [php] include(NDataColumn.php) [<a href='function.include'>function.include</a>]: failed to open stream: No such file or directory (D:\Program Files\Zend\Apache2\yii\framework\YiiBase.php:423)
Stack trace:
#0 D:\Program Files\Zend\Apache2\htdocs\tamar\protected\extensions\NGridView\NGridView.php(361): spl_autoload_call()
#1 D:\Program Files\Zend\Apache2\htdocs\tamar\protected\extensions\NGridView\NGridView.php(331): NGridView->createDataColumn()
#2 D:\Program Files\Zend\Apache2\htdocs\tamar\protected\extensions\NGridView\NGridView.php(307): NGridView->initColumns()
#3 D:\Program Files\Zend\Apache2\yii\framework\web\CBaseController.php(148): NGridView->init()
#4 D:\Program Files\Zend\Apache2\yii\framework\web\CBaseController.php(173): MkorotGaugeController->createWidget()
#5 D:\Program Files\Zend\Apache2\htdocs\tamar\protected\views\mkorotGauge\_mkorotGaugeForm.php(50): MkorotGaugeController->widget()
#6 D:\Program Files\Zend\Apache2\yii\framework\web\CBaseController.php(127): require()
#7 D:\Program Files\Zend\Apache2\yii\framework\web\CBaseController.php(96): MkorotGaugeController->renderInternal()
#8 D:\Program Files\Zend\Apache2\yii\framework\web\CController.php(870): MkorotGaugeController->renderFile()
#9 D:\Program Files\Zend\Apache2\htdocs\tamar\protected\views\mkorotGauge\index.php(23): MkorotGaugeController->renderPartial()
#10 D:\Program Files\Zend\Apache2\yii\framework\web\CBaseController.php(127): require()
#11 D:\Program Files\Zend\Apache2\yii\framework\web\CBaseController.php(96): MkorotGaugeController->renderInternal()
#12 D:\Program Files\Zend\Apache2\yii\framework\web\CController.php(870): MkorotGaugeController->renderFile()
#13 D:\Program Files\Zend\Apache2\yii\framework\web\CController.php(783): MkorotGaugeController->renderPartial()
#14 D:\Program Files\Zend\Apache2\htdocs\tamar\protected\controllers\MkorotGaugeController.php(165): MkorotGaugeController->render()
#15 D:\Program Files\Zend\Apache2\yii\framework\web\actions\CInlineAction.php(50): MkorotGaugeController->actionIndex()
#16 D:\Program Files\Zend\Apache2\yii\framework\web\CController.php(309): CInlineAction->runWithParams()
#17 D:\Program Files\Zend\Apache2\yii\framework\web\filters\CFilterChain.php(134): MkorotGaugeController->runAction()
#18 D:\Program Files\Zend\Apache2\yii\framework\web\filters\CFilter.php(41): CFilterChain->run()
#19 D:\Program Files\Zend\Apache2\yii\framework\web\CController.php(1146): CAccessControlFilter->filter()
#20 D:\Program Files\Zend\Apache2\yii\framework\web\filters\CInlineFilter.php(59): MkorotGaugeController->filterAccessControl()
#21 D:\Program Files\Zend\Apache2\yii\framework\web\filters\CFilterChain.php(131): CInlineFilter->filter()
#22 D:\Program Files\Zend\Apache2\yii\framework\web\CController.php(292): CFilterChain->run()
#23 D:\Program Files\Zend\Apache2\yii\framework\web\CController.php(266): MkorotGaugeController->runActionWithFilters()
#24 D:\Program Files\Zend\Apache2\yii\framework\web\CWebApplication.php(283): MkorotGaugeController->run()
#25 D:\Program Files\Zend\Apache2\yii\framework\web\CWebApplication.php(142): CWebApplication->runController()
#26 D:\Program Files\Zend\Apache2\yii\framework\base\CApplication.php(162): CWebApplication->processRequest()
#27 D:\Program Files\Zend\Apache2\htdocs\tamar\index.php(13): CWebApplication->run()
REQUEST_URI=/tamar/index.php?r=MkorotGauge/index
in D:\Program Files\Zend\Apache2\htdocs\tamar\protected\extensions\NGridView\NGridView.php (361)
in D:\Program Files\Zend\Apache2\htdocs\tamar\protected\extensions\NGridView\NGridView.php (331)
in D:\Program Files\Zend\Apache2\htdocs\tamar\protected\extensions\NGridView\NGridView.php (307)
2012/10/17 20:04:51 [error] [php] include(NDataColumn.php) [<a href='function.include'>function.include</a>]: failed to open stream: No such file or directory (D:\Program Files\Zend\Apache2\yii\framework\YiiBase.php:423)
Stack trace:
#0 D:\Program Files\Zend\Apache2\htdocs\tamar\protected\extensions\NGridView\NGridView.php(361): spl_autoload_call()
#1 D:\Program Files\Zend\Apache2\htdocs\tamar\protected\extensions\NGridView\NGridView.php(331): NGridView->createDataColumn()
#2 D:\Program Files\Zend\Apache2\htdocs\tamar\protected\extensions\NGridView\NGridView.php(307): NGridView->initColumns()
#3 D:\Program Files\Zend\Apache2\yii\framework\web\CBaseController.php(148): NGridView->init()
#4 D:\Program Files\Zend\Apache2\yii\framework\web\CBaseController.php(173): MkorotGaugeController->createWidget()
#5 D:\Program Files\Zend\Apache2\htdocs\tamar\protected\views\mkorotGauge\_mkorotGaugeForm.php(50): MkorotGaugeController->widget()
#6 D:\Program Files\Zend\Apache2\yii\framework\web\CBaseController.php(127): require()
#7 D:\Program Files\Zend\Apache2\yii\framework\web\CBaseController.php(96): MkorotGaugeController->renderInternal()
#8 D:\Program Files\Zend\Apache2\yii\framework\web\CController.php(870): MkorotGaugeController->renderFile()
#9 D:\Program Files\Zend\Apache2\htdocs\tamar\protected\views\mkorotGauge\index.php(23): MkorotGaugeController->renderPartial()
#10 D:\Program Files\Zend\Apache2\yii\framework\web\CBaseController.php(127): require()
#11 D:\Program Files\Zend\Apache2\yii\framework\web\CBaseController.php(96): MkorotGaugeController->renderInternal()
#12 D:\Program Files\Zend\Apache2\yii\framework\web\CController.php(870): MkorotGaugeController->renderFile()
#13 D:\Program Files\Zend\Apache2\yii\framework\web\CController.php(783): MkorotGaugeController->renderPartial()
#14 D:\Program Files\Zend\Apache2\htdocs\tamar\protected\controllers\MkorotGaugeController.php(165): MkorotGaugeController->render()
#15 D:\Program Files\Zend\Apache2\yii\framework\web\actions\CInlineAction.php(50): MkorotGaugeController->actionIndex()
#16 D:\Program Files\Zend\Apache2\yii\framework\web\CController.php(309): CInlineAction->runWithParams()
#17 D:\Program Files\Zend\Apache2\yii\framework\web\filters\CFilterChain.php(134): MkorotGaugeController->runAction()
#18 D:\Program Files\Zend\Apache2\yii\framework\web\filters\CFilter.php(41): CFilterChain->run()
#19 D:\Program Files\Zend\Apache2\yii\framework\web\CController.php(1146): CAccessControlFilter->filter()
#20 D:\Program Files\Zend\Apache2\yii\framework\web\filters\CInlineFilter.php(59): MkorotGaugeController->filterAccessControl()
#21 D:\Program Files\Zend\Apache2\yii\framework\web\filters\CFilterChain.php(131): CInlineFilter->filter()
#22 D:\Program Files\Zend\Apache2\yii\framework\web\CController.php(292): CFilterChain->run()
#23 D:\Program Files\Zend\Apache2\yii\framework\web\CController.php(266): MkorotGaugeController->runActionWithFilters()
#24 D:\Program Files\Zend\Apache2\yii\framework\web\CWebApplication.php(283): MkorotGaugeController->run()
#25 D:\Program Files\Zend\Apache2\yii\framework\web\CWebApplication.php(142): CWebApplication->runController()
#26 D:\Program Files\Zend\Apache2\yii\framework\base\CApplication.php(162): CWebApplication->processRequest()
#27 D:\Program Files\Zend\Apache2\htdocs\tamar\index.php(13): CWebApplication->run()
REQUEST_URI=/tamar/index.php?r=MkorotGauge/index
in D:\Program Files\Zend\Apache2\htdocs\tamar\protected\extensions\NGridView\NGridView.php (361)
in D:\Program Files\Zend\Apache2\htdocs\tamar\protected\extensions\NGridView\NGridView.php (331)
in D:\Program Files\Zend\Apache2\htdocs\tamar\protected\extensions\NGridView\NGridView.php (307)
2012/10/17 20:04:52 [error] [php] include(NDataColumn.php) [<a href='function.include'>function.include</a>]: failed to open stream: No such file or directory (D:\Program Files\Zend\Apache2\yii\framework\YiiBase.php:423)
Stack trace:
#0 D:\Program Files\Zend\Apache2\htdocs\tamar\protected\extensions\NGridView\NGridView.php(361): spl_autoload_call()
#1 D:\Program Files\Zend\Apache2\htdocs\tamar\protected\extensions\NGridView\NGridView.php(331): NGridView->createDataColumn()
#2 D:\Program Files\Zend\Apache2\htdocs\tamar\protected\extensions\NGridView\NGridView.php(307): NGridView->initColumns()
#3 D:\Program Files\Zend\Apache2\yii\framework\web\CBaseController.php(148): NGridView->init()
#4 D:\Program Files\Zend\Apache2\yii\framework\web\CBaseController.php(173): MkorotGaugeController->createWidget()
#5 D:\Program Files\Zend\Apache2\htdocs\tamar\protected\views\mkorotGauge\_mkorotGaugeForm.php(50): MkorotGaugeController->widget()
#6 D:\Program Files\Zend\Apache2\yii\framework\web\CBaseController.php(127): require()
#7 D:\Program Files\Zend\Apache2\yii\framework\web\CBaseController.php(96): MkorotGaugeController->renderInternal()
#8 D:\Program Files\Zend\Apache2\yii\framework\web\CController.php(870): MkorotGaugeController->renderFile()
#9 D:\Program Files\Zend\Apache2\htdocs\tamar\protected\views\mkorotGauge\index.php(23): MkorotGaugeController->renderPartial()
#10 D:\Program Files\Zend\Apache2\yii\framework\web\CBaseController.php(127): require()
#11 D:\Program Files\Zend\Apache2\yii\framework\web\CBaseController.php(96): MkorotGaugeController->renderInternal()
#12 D:\Program Files\Zend\Apache2\yii\framework\web\CController.php(870): MkorotGaugeController->renderFile()
#13 D:\Program Files\Zend\Apache2\yii\framework\web\CController.php(783): MkorotGaugeController->renderPartial()
#14 D:\Program Files\Zend\Apache2\htdocs\tamar\protected\controllers\MkorotGaugeController.php(165): MkorotGaugeController->render()
#15 D:\Program Files\Zend\Apache2\yii\framework\web\actions\CInlineAction.php(50): MkorotGaugeController->actionIndex()
#16 D:\Program Files\Zend\Apache2\yii\framework\web\CController.php(309): CInlineAction->runWithParams()
#17 D:\Program Files\Zend\Apache2\yii\framework\web\filters\CFilterChain.php(134): MkorotGaugeController->runAction()
#18 D:\Program Files\Zend\Apache2\yii\framework\web\filters\CFilter.php(41): CFilterChain->run()
#19 D:\Program Files\Zend\Apache2\yii\framework\web\CController.php(1146): CAccessControlFilter->filter()
#20 D:\Program Files\Zend\Apache2\yii\framework\web\filters\CInlineFilter.php(59): MkorotGaugeController->filterAccessControl()
#21 D:\Program Files\Zend\Apache2\yii\framework\web\filters\CFilterChain.php(131): CInlineFilter->filter()
#22 D:\Program Files\Zend\Apache2\yii\framework\web\CController.php(292): CFilterChain->run()
#23 D:\Program Files\Zend\Apache2\yii\framework\web\CController.php(266): MkorotGaugeController->runActionWithFilters()
#24 D:\Program Files\Zend\Apache2\yii\framework\web\CWebApplication.php(283): MkorotGaugeController->run()
#25 D:\Program Files\Zend\Apache2\yii\framework\web\CWebApplication.php(142): CWebApplication->runController()
#26 D:\Program Files\Zend\Apache2\yii\framework\base\CApplication.php(162): CWebApplication->processRequest()
#27 D:\Program Files\Zend\Apache2\htdocs\tamar\index.php(13): CWebApplication->run()
REQUEST_URI=/tamar/index.php?r=MkorotGauge/index
in D:\Program Files\Zend\Apache2\htdocs\tamar\protected\extensions\NGridView\NGridView.php (361)
in D:\Program Files\Zend\Apache2\htdocs\tamar\protected\extensions\NGridView\NGridView.php (331)
in D:\Program Files\Zend\Apache2\htdocs\tamar\protected\extensions\NGridView\NGridView.php (307)
2012/10/18 02:29:36 [error] [php] include(CGridColumn.php) [<a href='function.include'>function.include</a>]: failed to open stream: No such file or directory (D:\Program Files\Zend\Apache2\yii\framework\YiiBase.php:423)
Stack trace:
#0 D:\Program Files\Zend\Apache2\yii\framework\zii\widgets\grid\CDataColumn.php(29): spl_autoload_call()
#1 D:\Program Files\Zend\Apache2\yii\framework\YiiBase.php(397): include()
#2 D:\Program Files\Zend\Apache2\yii\framework\YiiBase.php(298): autoload()
#3 D:\Program Files\Zend\Apache2\yii\framework\YiiBase.php(198): import()
#4 D:\Program Files\Zend\Apache2\yii\framework\zii\widgets\grid\CGridView.php(336): createComponent()
#5 D:\Program Files\Zend\Apache2\yii\framework\zii\widgets\grid\CGridView.php(307): CGridView->initColumns()
#6 D:\Program Files\Zend\Apache2\yii\framework\web\CBaseController.php(148): CGridView->init()
#7 D:\Program Files\Zend\Apache2\yii\framework\web\CBaseController.php(173): ParGeneralRecController->createWidget()
#8 D:\Program Files\Zend\Apache2\htdocs\tamar\protected\views\parGeneralRec\_paramScreen.php(25): ParGeneralRecController->widget()
#9 D:\Program Files\Zend\Apache2\yii\framework\web\CBaseController.php(127): require()
#10 D:\Program Files\Zend\Apache2\yii\framework\web\CBaseController.php(96): ParGeneralRecController->renderInternal()
#11 D:\Program Files\Zend\Apache2\yii\framework\web\CController.php(870): ParGeneralRecController->renderFile()
#12 D:\Program Files\Zend\Apache2\htdocs\tamar\protected\views\parGeneralRec\paramScreen.php(6): ParGeneralRecController->renderPartial()
#13 D:\Program Files\Zend\Apache2\yii\framework\web\CBaseController.php(127): require()
#14 D:\Program Files\Zend\Apache2\yii\framework\web\CBaseController.php(96): ParGeneralRecController->renderInternal()
#15 D:\Program Files\Zend\Apache2\yii\framework\web\CController.php(870): ParGeneralRecController->renderFile()
#16 D:\Program Files\Zend\Apache2\yii\framework\web\CController.php(783): ParGeneralRecController->renderPartial()
#17 D:\Program Files\Zend\Apache2\htdocs\tamar\protected\controllers\ParGeneralRecController.php(216): ParGeneralRecController->render()
#18 D:\Program Files\Zend\Apache2\yii\framework\web\actions\CInlineAction.php(50): ParGeneralRecController->actionParamScreen()
#19 D:\Program Files\Zend\Apache2\yii\framework\web\CController.php(309): CInlineAction->runWithParams()
#20 D:\Program Files\Zend\Apache2\yii\framework\web\filters\CFilterChain.php(134): ParGeneralRecController->runAction()
#21 D:\Program Files\Zend\Apache2\yii\framework\web\filters\CFilter.php(41): CFilterChain->run()
#22 D:\Program Files\Zend\Apache2\yii\framework\web\CController.php(1146): CAccessControlFilter->filter()
#23 D:\Program Files\Zend\Apache2\yii\framework\web\filters\CInlineFilter.php(59): ParGeneralRecController->filterAccessControl()
#24 D:\Program Files\Zend\Apache2\yii\framework\web\filters\CFilterChain.php(131): CInlineFilter->filter()
#25 D:\Program Files\Zend\Apache2\yii\framework\web\CController.php(292): CFilterChain->run()
#26 D:\Program Files\Zend\Apache2\yii\framework\web\CController.php(266): ParGeneralRecController->runActionWithFilters()
#27 D:\Program Files\Zend\Apache2\yii\framework\web\CWebApplication.php(283): ParGeneralRecController->run()
#28 D:\Program Files\Zend\Apache2\yii\framework\web\CWebApplication.php(142): CWebApplication->runController()
#29 D:\Program Files\Zend\Apache2\yii\framework\base\CApplication.php(162): CWebApplication->processRequest()
#30 D:\Program Files\Zend\Apache2\htdocs\tamar\index.php(13): CWebApplication->run()
REQUEST_URI=/tamar/index.php?r=parGeneralRec/paramScreen&param_name=area_gauge
in D:\Program Files\Zend\Apache2\htdocs\tamar\protected\views\parGeneralRec\_paramScreen.php (25)
in D:\Program Files\Zend\Apache2\htdocs\tamar\protected\views\parGeneralRec\paramScreen.php (6)
in D:\Program Files\Zend\Apache2\htdocs\tamar\protected\controllers\ParGeneralRecController.php (216)
